# Logfile created on Wed Jul 09 14:07:36 -0300 2008WARNING: You're using the Ruby-based MySQL library that ships with Rails. This library is not suited for production. Please install the C-based MySQL library instead (gem install mysql).
WARNING: You're using the Ruby-based MySQL library that ships with Rails. This library is not suited for production. Please install the C-based MySQL library instead (gem install mysql).
  [4;36;1mSQL (0.000962)[0m   [0;1mSET NAMES 'utf8'[0m
  [4;35;1mSQL (0.000848)[0m   [0mSET SQL_AUTO_IS_NULL=0[0m
  [4;36;1mMessage Columns (0.000000)[0m   [0;1mMysql::Error: Table 'mindu1.messages' doesn't exist: SHOW FIELDS FROM `messages`[0m
  [4;35;1mSQL (0.001034)[0m   [0mSHOW TABLES[0m
  [4;36;1mSQL (0.000769)[0m   [0;1mSELECT version FROM schema_migrations[0m
Migrating to CreateMessages (20080628124818)
  [4;35;1mSQL (0.000860)[0m   [0mSELECT version FROM schema_migrations[0m
  [4;36;1mSQL (0.101018)[0m   [0;1mCREATE TABLE `messages` (`id` int(11) DEFAULT NULL auto_increment PRIMARY KEY, `text` varchar(255) DEFAULT NULL NULL, `created_at` datetime DEFAULT NULL NULL, `updated_at` datetime DEFAULT NULL NULL) ENGINE=InnoDB[0m
  [4;35;1mSQL (0.001509)[0m   [0mINSERT INTO schema_migrations (version) VALUES ('20080628124818')[0m
  [4;36;1mSQL (0.000861)[0m   [0;1mSELECT version FROM schema_migrations[0m
  [4;35;1mSQL (0.000900)[0m   [0mSHOW TABLES[0m
  [4;36;1mSQL (0.002442)[0m   [0;1mSHOW FIELDS FROM `messages`[0m
  [4;35;1mSQL (0.001772)[0m   [0mdescribe `messages`[0m
  [4;36;1mSQL (0.000757)[0m   [0;1mSHOW KEYS FROM `messages`[0m
DEPRECATION WARNING: You're using the Ruby-based MySQL library that ships with Rails. This library will be REMOVED FROM RAILS 2.2. Please switch to the offical mysql gem: `gem install mysql`  See http://www.rubyonrails.org/deprecation for details. (called from mysql_connection at C:/Ruby/lib/ruby/gems/1.8/gems/activerecord-2.1.1/lib/active_record/connection_adapters/mysql_adapter.rb:81)
DEPRECATION WARNING: You're using the Ruby-based MySQL library that ships with Rails. This library will be REMOVED FROM RAILS 2.2. Please switch to the offical mysql gem: `gem install mysql`  See http://www.rubyonrails.org/deprecation for details. (called from mysql_connection at C:/Ruby/lib/ruby/gems/1.8/gems/activerecord-2.1.1/lib/active_record/connection_adapters/mysql_adapter.rb:81)
  [4;36;1mSQL (0.000000)[0m   [0;1mSET NAMES 'utf8'[0m
  [4;35;1mSQL (0.000000)[0m   [0mSET SQL_AUTO_IS_NULL=0[0m
  [4;36;1mMessage Columns (0.000000)[0m   [0;1mMysql::Error: #42S02Table 'flexrails_production.messages' doesn't exist: SHOW FIELDS FROM `messages`[0m
DEPRECATION WARNING: You're using the Ruby-based MySQL library that ships with Rails. This library will be REMOVED FROM RAILS 2.2. Please switch to the offical mysql gem: `gem install mysql`  See http://www.rubyonrails.org/deprecation for details. (called from mysql_connection at C:/Ruby/lib/ruby/gems/1.8/gems/activerecord-2.1.1/lib/active_record/connection_adapters/mysql_adapter.rb:81)
  [4;36;1mSQL (0.000000)[0m   [0;1mSET NAMES 'utf8'[0m
  [4;35;1mSQL (0.000000)[0m   [0mSET SQL_AUTO_IS_NULL=0[0m
  [4;36;1mMessage Columns (0.000000)[0m   [0;1mMysql::Error: #42S02Table 'flexrails_production.messages' doesn't exist: SHOW FIELDS FROM `messages`[0m
  [4;35;1mSQL (0.000000)[0m   [0mSHOW TABLES[0m
  [4;36;1mSQL (0.290000)[0m   [0;1mCREATE TABLE `schema_migrations` (`version` varchar(255) NOT NULL) ENGINE=InnoDB[0m
  [4;35;1mSQL (0.251000)[0m   [0mCREATE UNIQUE INDEX `unique_schema_migrations` ON `schema_migrations` (`version`)[0m
  [4;36;1mSQL (0.010000)[0m   [0;1mSHOW TABLES[0m
  [4;35;1mSQL (0.000000)[0m   [0mSELECT version FROM schema_migrations[0m
Migrating to CreateMessages (20080628124818)
  [4;36;1mSQL (0.080000)[0m   [0;1mCREATE TABLE `messages` (`id` int(11) DEFAULT NULL auto_increment PRIMARY KEY, `text` varchar(255), `created_at` datetime, `updated_at` datetime) ENGINE=InnoDB[0m
  [4;35;1mSQL (0.080000)[0m   [0mINSERT INTO schema_migrations (version) VALUES ('20080628124818')[0m
  [4;36;1mSQL (0.000000)[0m   [0;1mSHOW TABLES[0m
  [4;35;1mSQL (0.000000)[0m   [0mSELECT version FROM schema_migrations[0m
  [4;36;1mSQL (0.010000)[0m   [0;1mSHOW TABLES[0m
  [4;35;1mSQL (0.050000)[0m   [0mSHOW FIELDS FROM `messages`[0m
  [4;36;1mSQL (0.050000)[0m   [0;1mdescribe `messages`[0m
  [4;35;1mSQL (0.020000)[0m   [0mSHOW KEYS FROM `messages`[0m
DEPRECATION WARNING: You're using the Ruby-based MySQL library that ships with Rails. This library will be REMOVED FROM RAILS 2.2. Please switch to the offical mysql gem: `gem install mysql`  See http://www.rubyonrails.org/deprecation for details. (called from mysql_connection at C:/Ruby/lib/ruby/gems/1.8/gems/activerecord-2.1.1/lib/active_record/connection_adapters/mysql_adapter.rb:81)
  [4;36;1mSQL (0.000000)[0m   [0;1mSET NAMES 'utf8'[0m
  [4;35;1mSQL (0.000000)[0m   [0mSET SQL_AUTO_IS_NULL=0[0m
  [4;36;1mMessage Columns (0.010000)[0m   [0;1mSHOW FIELDS FROM `messages`[0m


Processing ApplicationController#index (for 127.0.0.1 at 2009-01-17 22:51:04) [GET]
  Session ID: be54d7a1a98d97a8851c98d482ecff2b
  Parameters: {}


ActionController::RoutingError (No route matches "/message" with {:method=>:get}):
    C:/Ruby/lib/ruby/gems/1.8/gems/actionpack-2.1.1/lib/action_controller/routing/recognition_optimisation.rb:67:in `recognize_path'
    C:/Ruby/lib/ruby/gems/1.8/gems/actionpack-2.1.1/lib/action_controller/routing/route_set.rb:384:in `recognize'
    C:/Ruby/lib/ruby/gems/1.8/gems/actionpack-2.1.1/lib/action_controller/dispatcher.rb:148:in `handle_request'
    C:/Ruby/lib/ruby/gems/1.8/gems/actionpack-2.1.1/lib/action_controller/dispatcher.rb:107:in `dispatch'
    C:/Ruby/lib/ruby/gems/1.8/gems/actionpack-2.1.1/lib/action_controller/dispatcher.rb:104:in `synchronize'
    C:/Ruby/lib/ruby/gems/1.8/gems/actionpack-2.1.1/lib/action_controller/dispatcher.rb:104:in `dispatch'
    C:/Ruby/lib/ruby/gems/1.8/gems/actionpack-2.1.1/lib/action_controller/dispatcher.rb:120:in `dispatch_cgi'
    C:/Ruby/lib/ruby/gems/1.8/gems/actionpack-2.1.1/lib/action_controller/dispatcher.rb:35:in `dispatch'
    C:/Ruby/lib/ruby/gems/1.8/gems/rails-2.1.1/lib/webrick_server.rb:112:in `handle_dispatch'
    C:/Ruby/lib/ruby/gems/1.8/gems/rails-2.1.1/lib/webrick_server.rb:78:in `service'
    C:/Ruby/lib/ruby/1.8/webrick/httpserver.rb:104:in `service'
    C:/Ruby/lib/ruby/1.8/webrick/httpserver.rb:65:in `run'
    C:/Ruby/lib/ruby/1.8/webrick/server.rb:173:in `start_thread'
    C:/Ruby/lib/ruby/1.8/webrick/server.rb:162:in `start'
    C:/Ruby/lib/ruby/1.8/webrick/server.rb:162:in `start_thread'
    C:/Ruby/lib/ruby/1.8/webrick/server.rb:95:in `start'
    C:/Ruby/lib/ruby/1.8/webrick/server.rb:92:in `each'
    C:/Ruby/lib/ruby/1.8/webrick/server.rb:92:in `start'
    C:/Ruby/lib/ruby/1.8/webrick/server.rb:23:in `start'
    C:/Ruby/lib/ruby/1.8/webrick/server.rb:82:in `start'
    C:/Ruby/lib/ruby/gems/1.8/gems/rails-2.1.1/lib/webrick_server.rb:62:in `dispatch'
    C:/Ruby/lib/ruby/gems/1.8/gems/rails-2.1.1/lib/commands/servers/webrick.rb:66
    C:/Ruby/lib/ruby/site_ruby/1.8/rubygems/custom_require.rb:27:in `gem_original_require'
    C:/Ruby/lib/ruby/site_ruby/1.8/rubygems/custom_require.rb:27:in `require'
    C:/Ruby/lib/ruby/gems/1.8/gems/activesupport-2.1.1/lib/active_support/dependencies.rb:510:in `require'
    C:/Ruby/lib/ruby/gems/1.8/gems/activesupport-2.1.1/lib/active_support/dependencies.rb:355:in `new_constants_in'
    C:/Ruby/lib/ruby/gems/1.8/gems/activesupport-2.1.1/lib/active_support/dependencies.rb:510:in `require'
    C:/Ruby/lib/ruby/gems/1.8/gems/rails-2.1.1/lib/commands/server.rb:39
    C:/Ruby/lib/ruby/site_ruby/1.8/rubygems/custom_require.rb:27:in `gem_original_require'
    C:/Ruby/lib/ruby/site_ruby/1.8/rubygems/custom_require.rb:27:in `require'
    script/server:3

Rendering C:/Ruby/lib/ruby/gems/1.8/gems/actionpack-2.1.1/lib/action_controller/templates/rescues/layout.erb (not_found)


Processing MessagesController#index (for 127.0.0.1 at 2009-01-17 22:51:07) [GET]
  Session ID: BAh7BiIKZmxhc2hJQzonQWN0aW9uQ29udHJvbGxlcjo6Rmxhc2g6OkZsYXNo
SGFzaHsABjoKQHVzZWR7AA==--ba87e5cacdba7ae0d970a98532cb6a4cde92bc6a
  Parameters: {"action"=>"index", "controller"=>"messages"}
  [4;35;1mMessage Load (0.000000)[0m   [0mSELECT * FROM `messages` [0m
Rendering template within layouts/messages
Rendering messages/index
Completed in 0.05000 (20 reqs/sec) | Rendering: 0.01000 (20%) | DB: 0.01000 (20%) | 200 OK [http://localhost/messages]
